<?xml version="1.0" encoding="UTF-8"?>
<coverage generated="1753724071084" clover="3.2.0">
  <project timestamp="1753724071084" name="All files">
    <metrics statements="35" coveredstatements="34" conditionals="16" coveredconditionals="11" methods="10" coveredmethods="8" elements="61" coveredelements="53" complexity="0" loc="35" ncloc="35" packages="1" files="1" classes="1"/>
    <file name="index.js" path="E:\simple-react-full-stack\src\server\index.js">
      <metrics statements="35" coveredstatements="34" conditionals="16" coveredconditionals="11" methods="10" coveredmethods="8"/>
      <line num="1" count="1" type="stmt"/>
      <line num="2" count="1" type="stmt"/>
      <line num="3" count="1" type="stmt"/>
      <line num="5" count="1" type="stmt"/>
      <line num="6" count="1" type="stmt"/>
      <line num="8" count="1" type="stmt"/>
      <line num="9" count="2" type="stmt"/>
      <line num="10" count="2" type="cond" truecount="4" falsecount="0"/>
      <line num="11" count="1" type="stmt"/>
      <line num="13" count="1" type="stmt"/>
      <line num="18" count="1" type="stmt"/>
      <line num="21" count="1" type="stmt"/>
      <line num="22" count="1" type="stmt"/>
      <line num="26" count="1" type="stmt"/>
      <line num="27" count="2" type="stmt"/>
      <line num="28" count="2" type="cond" truecount="2" falsecount="0"/>
      <line num="29" count="1" type="stmt"/>
      <line num="30" count="1" type="stmt"/>
      <line num="31" count="1" type="stmt"/>
      <line num="35" count="1" type="stmt"/>
      <line num="36" count="2" type="stmt"/>
      <line num="37" count="2" type="stmt"/>
      <line num="38" count="2" type="stmt"/>
      <line num="39" count="2" type="cond" truecount="2" falsecount="0"/>
      <line num="40" count="1" type="stmt"/>
      <line num="41" count="1" type="stmt"/>
      <line num="44" count="1" type="stmt"/>
      <line num="45" count="2" type="stmt"/>
      <line num="46" count="2" type="stmt"/>
      <line num="47" count="2" type="stmt"/>
      <line num="48" count="2" type="cond" truecount="2" falsecount="0"/>
      <line num="49" count="1" type="stmt"/>
      <line num="51" count="1" type="cond" truecount="1" falsecount="1"/>
      <line num="52" count="0" type="cond" truecount="0" falsecount="4"/>
      <line num="55" count="1" type="stmt"/>
    </file>
  </project>
</coverage>
