{"E:\\simple-react-full-stack\\src\\server\\index.js": {"path":"E:\\simple-react-full-stack\\src\\server\\index.js","statementMap":{"0":{"start":{"line":1,"column":16},"end":{"line":1,"column":34}},"1":{"start":{"line":2,"column":11},"end":{"line":2,"column":24}},"2":{"start":{"line":3,"column":12},"end":{"line":3,"column":21}},"3":{"start":{"line":5,"column":0},"end":{"line":5,"column":24}},"4":{"start":{"line":6,"column":0},"end":{"line":6,"column":90}},"5":{"start":{"line":6,"column":42},"end":{"line":6,"column":88}},"6":{"start":{"line":8,"column":0},"end":{"line":15,"column":3}},"7":{"start":{"line":9,"column":33},"end":{"line":9,"column":41}},"8":{"start":{"line":10,"column":2},"end":{"line":14,"column":3}},"9":{"start":{"line":11,"column":4},"end":{"line":11,"column":46}},"10":{"start":{"line":13,"column":4},"end":{"line":13,"column":61}},"11":{"start":{"line":18,"column":12},"end":{"line":18,"column":14}},"12":{"start":{"line":21,"column":0},"end":{"line":23,"column":3}},"13":{"start":{"line":22,"column":2},"end":{"line":22,"column":18}},"14":{"start":{"line":26,"column":0},"end":{"line":32,"column":3}},"15":{"start":{"line":27,"column":20},"end":{"line":27,"column":28}},"16":{"start":{"line":28,"column":2},"end":{"line":28,"column":76}},"17":{"start":{"line":28,"column":14},"end":{"line":28,"column":76}},"18":{"start":{"line":29,"column":18},"end":{"line":29,"column":43}},"19":{"start":{"line":30,"column":2},"end":{"line":30,"column":22}},"20":{"start":{"line":31,"column":2},"end":{"line":31,"column":20}},"21":{"start":{"line":35,"column":0},"end":{"line":42,"column":3}},"22":{"start":{"line":36,"column":17},"end":{"line":36,"column":27}},"23":{"start":{"line":37,"column":20},"end":{"line":37,"column":28}},"24":{"start":{"line":38,"column":15},"end":{"line":38,"column":42}},"25":{"start":{"line":38,"column":31},"end":{"line":38,"column":41}},"26":{"start":{"line":39,"column":2},"end":{"line":39,"column":72}},"27":{"start":{"line":39,"column":13},"end":{"line":39,"column":72}},"28":{"start":{"line":40,"column":2},"end":{"line":40,"column":21}},"29":{"start":{"line":41,"column":2},"end":{"line":41,"column":17}},"30":{"start":{"line":44,"column":0},"end":{"line":50,"column":3}},"31":{"start":{"line":45,"column":17},"end":{"line":45,"column":27}},"32":{"start":{"line":46,"column":16},"end":{"line":46,"column":43}},"33":{"start":{"line":46,"column":32},"end":{"line":46,"column":42}},"34":{"start":{"line":47,"column":2},"end":{"line":47,"column":40}},"35":{"start":{"line":47,"column":28},"end":{"line":47,"column":38}},"36":{"start":{"line":48,"column":2},"end":{"line":48,"column":73}},"37":{"start":{"line":48,"column":14},"end":{"line":48,"column":73}},"38":{"start":{"line":49,"column":2},"end":{"line":49,"column":40}},"39":{"start":{"line":51,"column":0},"end":{"line":53,"column":1}},"40":{"start":{"line":52,"column":2},"end":{"line":52,"column":108}},"41":{"start":{"line":52,"column":45},"end":{"line":52,"column":106}},"42":{"start":{"line":55,"column":0},"end":{"line":55,"column":21}}},"fnMap":{"0":{"name":"(anonymous_0)","decl":{"start":{"line":6,"column":28},"end":{"line":6,"column":29}},"loc":{"start":{"line":6,"column":42},"end":{"line":6,"column":88}},"line":6},"1":{"name":"(anonymous_1)","decl":{"start":{"line":8,"column":23},"end":{"line":8,"column":24}},"loc":{"start":{"line":8,"column":37},"end":{"line":15,"column":1}},"line":8},"2":{"name":"(anonymous_2)","decl":{"start":{"line":21,"column":22},"end":{"line":21,"column":23}},"loc":{"start":{"line":21,"column":36},"end":{"line":23,"column":1}},"line":21},"3":{"name":"(anonymous_3)","decl":{"start":{"line":26,"column":23},"end":{"line":26,"column":24}},"loc":{"start":{"line":26,"column":37},"end":{"line":32,"column":1}},"line":26},"4":{"name":"(anonymous_4)","decl":{"start":{"line":35,"column":26},"end":{"line":35,"column":27}},"loc":{"start":{"line":35,"column":40},"end":{"line":42,"column":1}},"line":35},"5":{"name":"(anonymous_5)","decl":{"start":{"line":38,"column":26},"end":{"line":38,"column":27}},"loc":{"start":{"line":38,"column":31},"end":{"line":38,"column":41}},"line":38},"6":{"name":"(anonymous_6)","decl":{"start":{"line":44,"column":29},"end":{"line":44,"column":30}},"loc":{"start":{"line":44,"column":43},"end":{"line":50,"column":1}},"line":44},"7":{"name":"(anonymous_7)","decl":{"start":{"line":46,"column":27},"end":{"line":46,"column":28}},"loc":{"start":{"line":46,"column":32},"end":{"line":46,"column":42}},"line":46},"8":{"name":"(anonymous_8)","decl":{"start":{"line":47,"column":23},"end":{"line":47,"column":24}},"loc":{"start":{"line":47,"column":28},"end":{"line":47,"column":38}},"line":47},"9":{"name":"(anonymous_9)","decl":{"start":{"line":52,"column":39},"end":{"line":52,"column":40}},"loc":{"start":{"line":52,"column":45},"end":{"line":52,"column":106}},"line":52}},"branchMap":{"0":{"loc":{"start":{"line":10,"column":2},"end":{"line":14,"column":3}},"type":"if","locations":[{"start":{"line":10,"column":2},"end":{"line":14,"column":3}},{"start":{"line":12,"column":9},"end":{"line":14,"column":3}}],"line":10},"1":{"loc":{"start":{"line":10,"column":6},"end":{"line":10,"column":54}},"type":"binary-expr","locations":[{"start":{"line":10,"column":6},"end":{"line":10,"column":26}},{"start":{"line":10,"column":30},"end":{"line":10,"column":54}}],"line":10},"2":{"loc":{"start":{"line":28,"column":2},"end":{"line":28,"column":76}},"type":"if","locations":[{"start":{"line":28,"column":2},"end":{"line":28,"column":76}},{"start":{},"end":{}}],"line":28},"3":{"loc":{"start":{"line":39,"column":2},"end":{"line":39,"column":72}},"type":"if","locations":[{"start":{"line":39,"column":2},"end":{"line":39,"column":72}},{"start":{},"end":{}}],"line":39},"4":{"loc":{"start":{"line":48,"column":2},"end":{"line":48,"column":73}},"type":"if","locations":[{"start":{"line":48,"column":2},"end":{"line":48,"column":73}},{"start":{},"end":{}}],"line":48},"5":{"loc":{"start":{"line":51,"column":0},"end":{"line":53,"column":1}},"type":"if","locations":[{"start":{"line":51,"column":0},"end":{"line":53,"column":1}},{"start":{},"end":{}}],"line":51},"6":{"loc":{"start":{"line":52,"column":13},"end":{"line":52,"column":37}},"type":"binary-expr","locations":[{"start":{"line":52,"column":13},"end":{"line":52,"column":29}},{"start":{"line":52,"column":33},"end":{"line":52,"column":37}}],"line":52},"7":{"loc":{"start":{"line":52,"column":78},"end":{"line":52,"column":102}},"type":"binary-expr","locations":[{"start":{"line":52,"column":78},"end":{"line":52,"column":94}},{"start":{"line":52,"column":98},"end":{"line":52,"column":102}}],"line":52}},"s":{"0":1,"1":1,"2":1,"3":1,"4":1,"5":0,"6":1,"7":2,"8":2,"9":1,"10":1,"11":1,"12":1,"13":1,"14":1,"15":2,"16":2,"17":1,"18":1,"19":1,"20":1,"21":1,"22":2,"23":2,"24":2,"25":2,"26":2,"27":1,"28":1,"29":1,"30":1,"31":2,"32":2,"33":1,"34":2,"35":1,"36":2,"37":1,"38":1,"39":1,"40":0,"41":0,"42":1},"f":{"0":0,"1":2,"2":1,"3":2,"4":2,"5":2,"6":2,"7":1,"8":1,"9":0},"b":{"0":[1,1],"1":[2,1],"2":[1,1],"3":[1,1],"4":[1,1],"5":[0,1],"6":[0,0],"7":[0,0]},"_coverageSchema":"1a1c01bbd47fc00a2c39e90264f33305004495a9","hash":"3031f256f03677d0320c01d0d976651bb8af5622"}
}
